Determining if the pthread_create exist failed with the following output:
Change Dir: /home/maguangshen/CLionProjects/Program_1/cmake-build-debug/CMakeFiles/CMakeTmp

Run Build Command:"/usr/bin/make" "cmTC_455a3/fast"
/usr/bin/make -f CMakeFiles/cmTC_455a3.dir/build.make CMakeFiles/cmTC_455a3.dir/build
make[1]: Entering directory '/home/maguangshen/CLionProjects/Program_1/cmake-build-debug/CMakeFiles/CMakeTmp'
Building C object CMakeFiles/cmTC_455a3.dir/CheckSymbolExists.c.o
/usr/bin/cc    -o CMakeFiles/cmTC_455a3.dir/CheckSymbolExists.c.o   -c /home/maguangshen/CLionProjects/Program_1/cmake-build-debug/CMakeFiles/CMakeTmp/CheckSymbolExists.c
Linking C executable cmTC_455a3
/home/maguangshen/clion-2018.2.1/bin/cmake/linux/bin/cmake -E cmake_link_script CMakeFiles/cmTC_455a3.dir/link.txt --verbose=1
/usr/bin/cc      CMakeFiles/cmTC_455a3.dir/CheckSymbolExists.c.o  -o cmTC_455a3 
CMakeFiles/cmTC_455a3.dir/CheckSymbolExists.c.o: In function `main':
CheckSymbolExists.c:(.text+0x16): undefined reference to `pthread_create'
collect2: error: ld returned 1 exit status
CMakeFiles/cmTC_455a3.dir/build.make:86: recipe for target 'cmTC_455a3' failed
make[1]: *** [cmTC_455a3] Error 1
make[1]: Leaving directory '/home/maguangshen/CLionProjects/Program_1/cmake-build-debug/CMakeFiles/CMakeTmp'
Makefile:121: recipe for target 'cmTC_455a3/fast' failed
make: *** [cmTC_455a3/fast] Error 2

File /home/maguangshen/CLionProjects/Program_1/cmake-build-debug/CMakeFiles/CMakeTmp/CheckSymbolExists.c:
/* */
#include <pthread.h>

int main(int argc, char** argv)
{
  (void)argv;
#ifndef pthread_create
  return ((int*)(&pthread_create))[argc];
#else
  (void)argc;
  return 0;
#endif
}

Determining if the function pthread_create exists in the pthreads failed with the following output:
Change Dir: /home/maguangshen/CLionProjects/Program_1/cmake-build-debug/CMakeFiles/CMakeTmp

Run Build Command:"/usr/bin/make" "cmTC_c88ce/fast"
/usr/bin/make -f CMakeFiles/cmTC_c88ce.dir/build.make CMakeFiles/cmTC_c88ce.dir/build
make[1]: Entering directory '/home/maguangshen/CLionProjects/Program_1/cmake-build-debug/CMakeFiles/CMakeTmp'
Building C object CMakeFiles/cmTC_c88ce.dir/CheckFunctionExists.c.o
/usr/bin/cc   -DCHECK_FUNCTION_EXISTS=pthread_create   -o CMakeFiles/cmTC_c88ce.dir/CheckFunctionExists.c.o   -c /home/maguangshen/clion-2018.2.1/bin/cmake/linux/share/cmake-3.12/Modules/CheckFunctionExists.c
Linking C executable cmTC_c88ce
/home/maguangshen/clion-2018.2.1/bin/cmake/linux/bin/cmake -E cmake_link_script CMakeFiles/cmTC_c88ce.dir/link.txt --verbose=1
/usr/bin/cc  -DCHECK_FUNCTION_EXISTS=pthread_create    CMakeFiles/cmTC_c88ce.dir/CheckFunctionExists.c.o  -o cmTC_c88ce -lpthreads 
/usr/bin/ld: cannot find -lpthreads
collect2: error: ld returned 1 exit status
CMakeFiles/cmTC_c88ce.dir/build.make:86: recipe for target 'cmTC_c88ce' failed
make[1]: *** [cmTC_c88ce] Error 1
make[1]: Leaving directory '/home/maguangshen/CLionProjects/Program_1/cmake-build-debug/CMakeFiles/CMakeTmp'
Makefile:121: recipe for target 'cmTC_c88ce/fast' failed
make: *** [cmTC_c88ce/fast] Error 2


